Command line:
   counter_tb.exe
     -simmode  gui
     -simrunnum  0
     -socket  57864

Tue Sep 13 23:02:31 2016


 Elaboration Time: 0 sec

 Current Memory Usage: 196.243 Meg

 Total Signals          : 38
 Total Nets             : 51
 Total Signal Drivers   : 18
 Total Blocks           : 4
 Total Primitive Blocks : 2
 Total Processes        : 22
 Total Traceable Variables  : 22
 Total Scalar Nets and Variables : 160
Total Line Count : 41

 Total Simulation Time: 0.1 sec

 Current Memory Usage: 271.745 Meg

Tue Sep 13 23:04:47 2016

