###############################################################
#  Generated by:      Cadence Encounter 14.27-s035_1
#  OS:                Linux x86_64(Host ID s2424.it.kth.se)
#  Generated on:      Tue Aug  2 11:33:22 2016
#  Design:            vin_spc
#  Command:           verifyConnectivity -type all -error 1000 -warning 50
###############################################################
Verify Connectivity Report is created on Tue Aug  2 11:33:22 2016



Net vdd!: dangling Wire at (25.200, 126.000) (25.200, 126.000) on layer: M1
Net vdd!: dangling Wire at (25.200, 115.920) (25.200, 115.920) on layer: M1
Net vdd!: dangling Wire at (25.200, 105.840) (25.200, 105.840) on layer: M1
Net vdd!: dangling Wire at (25.200, 95.760) (25.200, 95.760) on layer: M1
Net vdd!: dangling Wire at (25.200, 85.680) (25.200, 85.680) on layer: M1
Net vdd!: dangling Wire at (25.200, 75.600) (25.200, 75.600) on layer: M1
Net vdd!: dangling Wire at (25.200, 65.520) (25.200, 65.520) on layer: M1
Net vdd!: dangling Wire at (25.200, 55.440) (25.200, 55.440) on layer: M1
Net vdd!: dangling Wire at (25.200, 45.360) (25.200, 45.360) on layer: M1
Net vdd!: dangling Wire at (25.200, 35.280) (25.200, 35.280) on layer: M1
Net vdd!: dangling Wire at (25.200, 25.200) (25.200, 25.200) on layer: M1

Begin Summary
    11 Problem(s) (ENCVFC-94): The net has dangling wire(s).
    11 total info(s) created.
End Summary
