============================================================
  Generated by:           Encounter(R) RTL Compiler RC14.24 - v14.20-s034_1
  Generated on:           Nov 08 2015  12:51:24 pm
  Module:                 DacCtrl
  Technology library:     h18_CORELIB_HV_WC revision 2.2
  Operating conditions:   worst (balanced_tree)
  Wireload mode:          enclosed
  Area mode:              timing library
============================================================

                                
   Gate     Instances    Area          Library       
-----------------------------------------------------
AND2X3_HV           3    42.336    h18_CORELIB_HV_WC 
AO21X3_HV           1    16.934    h18_CORELIB_HV_WC 
AO22X3_HV           2    45.158    h18_CORELIB_HV_WC 
AOI21X3_HV          1    14.112    h18_CORELIB_HV_WC 
AOI22X3_HV          1    19.757    h18_CORELIB_HV_WC 
AOI32X3_HV          3    67.738    h18_CORELIB_HV_WC 
DFCSX2_HV           2   158.054    h18_CORELIB_HV_WC 
DFCX1_HV            3   194.746    h18_CORELIB_HV_WC 
DFCX3_HV            1    70.560    h18_CORELIB_HV_WC 
HAX3_HV             2    62.093    h18_CORELIB_HV_WC 
IMUX2XL_HV          1    22.579    h18_CORELIB_HV_WC 
INVX3_HV            2    16.934    h18_CORELIB_HV_WC 
INVXL_HV            6    33.869    h18_CORELIB_HV_WC 
MUX2X3_HV           1    25.402    h18_CORELIB_HV_WC 
NAND2XL_HV          6    50.803    h18_CORELIB_HV_WC 
NAND3X3_HV          1    14.112    h18_CORELIB_HV_WC 
NOR2X3_HV           8    90.317    h18_CORELIB_HV_WC 
NOR2XL_HV           4    33.869    h18_CORELIB_HV_WC 
NOR3X3_HV           3    42.336    h18_CORELIB_HV_WC 
OAI22X3_HV          6   118.541    h18_CORELIB_HV_WC 
OAI31X6_HV          1    33.869    h18_CORELIB_HV_WC 
OR2X3_HV            1    14.112    h18_CORELIB_HV_WC 
OR3X3_HV            1    16.934    h18_CORELIB_HV_WC 
XNOR2X2_HV          1    22.579    h18_CORELIB_HV_WC 
-----------------------------------------------------
total              61  1227.744                      


                                     
   Type    Instances   Area   Area % 
-------------------------------------
sequential         6  423.360   34.5 
inverter           8   50.803    4.1 
logic             47  753.581   61.4 
-------------------------------------
total             61 1227.744  100.0 

