###############################################################
#  Generated by:      Cadence Innovus 15.28-s017_1
#  OS:                Linux x86_64(Host ID s2424.it.kth.se)
#  Generated on:      Tue Aug 29 13:48:00 2017
#  Design:            fet_dec
#  Command:           checkDesign -all -outDir ../REPORTS/checkDesignDbSetup
###############################################################
Design: fet_dec

------ Design Summary:
Total Standard Cell Number   (cells) : 53
Total Block Cell Number      (cells) : 0
Total I/O Pad Cell Number    (cells) : 0
Total Standard Cell Area     ( um^2) : 556.01
Total Block Cell Area        ( um^2) : 0.00
Total I/O Pad Cell Area      ( um^2) : 0.00

------ Design Statistics:

Number of Instances            : 53
Number of Nets                 : 61
Average number of Pins per Net : 3.11
Maximum number of Pins in Net  : 9

------ I/O Port summary

Number of Primary I/O Ports    : 37
Number of Input Ports          : 5
Number of Output Ports         : 32
Number of Bidirectional Ports  : 0
Number of Power/Ground Ports   : 0



------------------------------------------------------------
Detail report:


------ I/O Pad/Port Checking


