###############################################################
#  Generated by:      Cadence Encounter 14.27-s035_1
#  OS:                Linux x86_64(Host ID s2424.it.kth.se)
#  Generated on:      Tue Dec  1 11:57:07 2015
#  Design:            spc2
#  Command:           checkDesign -all -outDir checkDesignDbSetup
###############################################################
Design: spc2

------ Design Summary:
Total Standard Cell Number   (cells) : 49
Total Block Cell Number      (cells) : 0
Total I/O Pad Cell Number    (cells) : 0
Total Standard Cell Area     ( um^2) : 2653.06
Total Block Cell Area        ( um^2) : 0.00
Total I/O Pad Cell Area      ( um^2) : 0.00

------ Design Statistics:

Number of Instances            : 49
Number of Nets                 : 92
Average number of Pins per Net : 2.62
Maximum number of Pins in Net  : 38

------ I/O Port summary

Number of Primary I/O Ports    : 19
Number of Input Ports          : 3
Number of Output Ports         : 16
Number of Bidirectional Ports  : 0
Number of Power/Ground Ports   : 0



------------------------------------------------------------
Detail report:


------ I/O Pad/Port Checking


