============================================================
  Generated by:           Encounter(R) RTL Compiler RC14.25 - v14.20-s046_1
  Generated on:           Dec 01 2015  10:37:37 am
  Module:                 spc2
  Technology library:     h18_CORELIB_WC revision 2.1
  Operating conditions:   worst (balanced_tree)
  Wireload mode:          enclosed
  Area mode:              timing library
============================================================

         Pin                Type       Fanout  Load Slew Delay Arrival   
                                               (fF) (ps)  (ps)   (ps)    
-------------------------------------------------------------------------
(clock Clk)               launch                                125000 F 
RE_reg/CP                                              0        125000 R 
RE_reg/Q                  DFCX3             1 255.4 1848 +1592  126592 R 
RE                        out port                          +2  126594 R 
(spc2.sdc_line_11_17_1)   ext delay                      +4000  130594 R 
- - - - - - - - - - - - - - - - - - - - - - - - - - - - - - - - - - - - -
(clock Clk)               capture                               250000 R 
                          uncertainty                     -100  249900 R 
-------------------------------------------------------------------------
Cost Group   : 'Clk' (path_group 'Clk')
Timing slack :  119306ps 
Start-point  : RE_reg/CP
End-point    : RE
