###############################################################
#  Generated by:      Cadence Innovus 15.28-s017_1
#  OS:                Linux x86_64(Host ID s2424.it.kth.se)
#  Generated on:      Mon Aug 28 15:22:17 2017
#  Design:            nnspc
#  Command:           checkDesign -all -outDir ../REPORTS/checkDesignDbSetup
###############################################################
Design: nnspc

------ Design Summary:
Total Standard Cell Number   (cells) : 37
Total Block Cell Number      (cells) : 0
Total I/O Pad Cell Number    (cells) : 0
Total Standard Cell Area     ( um^2) : 1840.20
Total Block Cell Area        ( um^2) : 0.00
Total I/O Pad Cell Area      ( um^2) : 0.00

------ Design Statistics:

Number of Instances            : 37
Number of Nets                 : 68
Average number of Pins per Net : 2.57
Maximum number of Pins in Net  : 26

------ I/O Port summary

Number of Primary I/O Ports    : 13
Number of Input Ports          : 3
Number of Output Ports         : 10
Number of Bidirectional Ports  : 0
Number of Power/Ground Ports   : 0



------------------------------------------------------------
Detail report:


------ I/O Pad/Port Checking


