###############################################################
#  Generated by:      Cadence Innovus 15.28-s017_1
#  OS:                Linux x86_64(Host ID s2424.it.kth.se)
#  Generated on:      Tue Aug 29 15:43:23 2017
#  Design:            cur_dec
#  Command:           checkDesign -all -outDir ../REPORTS/checkDesignDbSetup
###############################################################
Design: cur_dec

------ Design Summary:
Total Standard Cell Number   (cells) : 28
Total Block Cell Number      (cells) : 0
Total I/O Pad Cell Number    (cells) : 0
Total Standard Cell Area     ( um^2) : 290.71
Total Block Cell Area        ( um^2) : 0.00
Total I/O Pad Cell Area      ( um^2) : 0.00

------ Design Statistics:

Number of Instances            : 28
Number of Nets                 : 35
Average number of Pins per Net : 2.83
Maximum number of Pins in Net  : 5

------ I/O Port summary

Number of Primary I/O Ports    : 20
Number of Input Ports          : 4
Number of Output Ports         : 16
Number of Bidirectional Ports  : 0
Number of Power/Ground Ports   : 0



------------------------------------------------------------
Detail report:


------ I/O Pad/Port Checking


