
*** Running ngdbuild
    with args -intstyle ise -p xc6slx9tqg144-2 -dd _ngo -uc top.ucf top.edf


Command Line: /pkg/Xilinx/14.7/ISE_DS/ISE/bin/lin64/unwrapped/ngdbuild -intstyle
ise -p xc6slx9tqg144-2 -dd _ngo -uc top.ucf top.edf

Executing edif2ngd -quiet "top.edf" "_ngo/top.ngo"
Release 14.7 - edif2ngd P.20131013 (lin64)
Copyright (c) 1995-2013 Xilinx, Inc.  All rights reserved.
Reading NGO file
"/home/saul/projects/digital/DIGIMP/I2c/fpga/i2c_v1/i2c_v1.runs/impl_1/_ngo/top.
ngo" ...
Gathering constraint information from source properties...
Done.

Annotating constraints to design from ucf file "top.ucf" ...
Resolving constraint associations...
Checking Constraint Associations...
Done...

Checking expanded design ...

Partition Implementation Status
-------------------------------

  No Partitions were found in this design.

-------------------------------

NGDBUILD Design Results Summary:
  Number of errors:     0
  Number of warnings:   0

Writing NGD file "top.ngd" ...
Total REAL time to NGDBUILD completion:  7 sec
Total CPU time to NGDBUILD completion:   3 sec

Writing NGDBUILD log file "top.bld"...

NGDBUILD done.

*** Running map
    with args -intstyle pa -w top.ngd

Using target part "6slx9tqg144-2".
Mapping design into LUTs...
Running directed packing...
Running delay-based LUT packing...
Updating timing models...
INFO:Map:215 - The Interim Design Summary has been generated in the MAP Report
   (.mrp).
Running timing-driven placement...
Total REAL time at the beginning of Placer: 4 secs 
Total CPU  time at the beginning of Placer: 4 secs 

Phase 1.1  Initial Placement Analysis
Phase 1.1  Initial Placement Analysis (Checksum:7b0dc0b6) REAL time: 5 secs 

Phase 2.7  Design Feasibility Check
Phase 2.7  Design Feasibility Check (Checksum:7b0dc0b6) REAL time: 5 secs 

Phase 3.31  Local Placement Optimization
Phase 3.31  Local Placement Optimization (Checksum:7b0dc0b6) REAL time: 5 secs 

Phase 4.2  Initial Placement for Architecture Specific Features

.
WARNING:Place:1109 - A clock IOB / BUFGMUX clock component pair have been found
   that are not placed at an optimal clock IOB / BUFGMUX site pair. The clock
   IOB component <SW0> is placed at site <P116>. The corresponding BUFG
   component <SW0_IBUF_BUFG> is placed at site <BUFGMUX_X2Y2>. There is only a
   select set of IOBs that can use the fast path to the Clocker buffer, and they
   are not being used. You may want to analyze why this problem exists and
   correct it. This is normally an ERROR but the CLOCK_DEDICATED_ROUTE
   constraint was applied on COMP.PIN <SW0.PAD> allowing your design to
   continue. This constraint disables all clock placer rules related to the
   specified COMP.PIN. The use of this override is highly discouraged as it may
   lead to very poor timing results. It is recommended that this error condition
   be corrected in the design.
WARNING:Place:1109 - A clock IOB / BUFGMUX clock component pair have been found
   that are not placed at an optimal clock IOB / BUFGMUX site pair. The clock
   IOB component <SW2> is placed at site <P118>. The corresponding BUFG
   component <SW2_IBUF_BUFG> is placed at site <BUFGMUX_X2Y3>. There is only a
   select set of IOBs that can use the fast path to the Clocker buffer, and they
   are not being used. You may want to analyze why this problem exists and
   correct it. This is normally an ERROR but the CLOCK_DEDICATED_ROUTE
   constraint was applied on COMP.PIN <SW2.PAD> allowing your design to
   continue. This constraint disables all clock placer rules related to the
   specified COMP.PIN. The use of this override is highly discouraged as it may
   lead to very poor timing results. It is recommended that this error condition
   be corrected in the design.
Phase 4.2  Initial Placement for Architecture Specific Features (Checksum:dd315)
 REAL time: 7 secs 

Phase 5.36  Local Placement Optimization
Phase 5.36  Local Placement Optimization (Checksum:dd315) REAL time: 7 secs 

Phase 6.30  Global Clock Region Assignment
Phase 6.30  Global Clock Region Assignment (Checksum:dd315) REAL time: 7 secs 

Phase 7.3  Local Placement Optimization
Phase 7.3  Local Placement Optimization (Checksum:dd315) REAL time: 7 secs 

Phase 8.5  Local Placement Optimization
Phase 8.5  Local Placement Optimization (Checksum:dd315) REAL time: 7 secs 

Phase 9.8  Global Placement
........
......................................
..........................................................................
...........
Phase 9.8  Global Placement (Checksum:6b3ee62b) REAL time: 7 secs 

Phase 10.5  Local Placement Optimization
Phase 10.5  Local Placement Optimization (Checksum:6b3ee62b) REAL time: 7 secs 

Phase 11.18  Placement Optimization
Phase 11.18  Placement Optimization (Checksum:2ac4bf33) REAL time: 8 secs 

Phase 12.5  Local Placement Optimization
Phase 12.5  Local Placement Optimization (Checksum:2ac4bf33) REAL time: 8 secs 

Phase 13.34  Placement Validation
Phase 13.34  Placement Validation (Checksum:2ac4bf33) REAL time: 8 secs 

Total REAL time to Placer completion: 8 secs 
Total CPU  time to Placer completion: 8 secs 
Running post-placement packing...
Writing output files...

Design Summary:
Number of errors:      0
Number of warnings:   10
Slice Logic Utilization:
  Number of Slice Registers:                    83 out of  11,440    1%
    Number used as Flip Flops:                  75
    Number used as Latches:                      8
    Number used as Latch-thrus:                  0
    Number used as AND/OR logics:                0
  Number of Slice LUTs:                         93 out of   5,720    1%
    Number used as logic:                       93 out of   5,720    1%
      Number using O6 output only:              82
      Number using O5 output only:               1
      Number using O5 and O6:                   10
      Number used as ROM:                        0
    Number used as Memory:                       0 out of   1,440    0%

Slice Logic Distribution:
  Number of occupied Slices:                    50 out of   1,430    3%
  Number of MUXCYs used:                         8 out of   2,860    1%
  Number of LUT Flip Flop pairs used:          124
    Number with an unused Flip Flop:            45 out of     124   36%
    Number with an unused LUT:                  31 out of     124   25%
    Number of fully used LUT-FF pairs:          48 out of     124   38%
    Number of unique control sets:              35
    Number of slice register sites lost
      to control set restrictions:             197 out of  11,440    1%

  A LUT Flip Flop pair for this architecture represents one LUT paired with
  one Flip Flop within a slice.  A control set is a unique combination of
  clock, reset, set, and enable signals for a registered element.
  The Slice Logic Distribution report is not meaningful if the design is
  over-mapped for a non-slice resource or if Placement fails.

IO Utilization:
  Number of bonded IOBs:                        16 out of     102   15%
    Number of LOCed IOBs:                       16 out of      16  100%

Specific Feature Utilization:
  Number of RAMB16BWERs:                         0 out of      32    0%
  Number of RAMB8BWERs:                          0 out of      64    0%
  Number of BUFIO2/BUFIO2_2CLKs:                 0 out of      32    0%
  Number of BUFIO2FB/BUFIO2FB_2CLKs:             0 out of      32    0%
  Number of BUFG/BUFGMUXs:                       2 out of      16   12%
    Number used as BUFGs:                        2
    Number used as BUFGMUX:                      0
  Number of DCM/DCM_CLKGENs:                     0 out of       4    0%
  Number of ILOGIC2/ISERDES2s:                   0 out of     200    0%
  Number of IODELAY2/IODRP2/IODRP2_MCBs:         0 out of     200    0%
  Number of OLOGIC2/OSERDES2s:                   0 out of     200    0%
  Number of BSCANs:                              0 out of       4    0%
  Number of BUFHs:                               0 out of     128    0%
  Number of BUFPLLs:                             0 out of       8    0%
  Number of BUFPLL_MCBs:                         0 out of       4    0%
  Number of DSP48A1s:                            0 out of      16    0%
  Number of ICAPs:                               0 out of       1    0%
  Number of MCBs:                                0 out of       2    0%
  Number of PCILOGICSEs:                         0 out of       2    0%
  Number of PLL_ADVs:                            0 out of       2    0%
  Number of PMVs:                                0 out of       1    0%
  Number of STARTUPs:                            0 out of       1    0%
  Number of SUSPEND_SYNCs:                       0 out of       1    0%

Average Fanout of Non-Clock Nets:                4.01

Peak Memory Usage:  661 MB
Total REAL time to MAP completion:  8 secs 
Total CPU time to MAP completion:   8 secs 

Mapping completed.
See MAP report file "top.mrp" for details.

*** Running par
    with args -intstyle pa top.ncd -w top_routed.ncd




Constraints file: top.pcf.
Loading device for application Rf_Device from file '6slx9.nph' in environment /pkg/Xilinx/14.7/ISE_DS/ISE/.
   "top" is an NCD, version 3.2, device xc6slx9, package tqg144, speed -2

Initializing temperature to 85.000 Celsius. (default - Range: 0.000 to 85.000 Celsius)
Initializing voltage to 1.140 Volts. (default - Range: 1.140 to 1.260 Volts)

INFO:Par:282 - No user timing constraints were detected or you have set the option to ignore timing constraints ("par
   -x"). Place and Route will run in "Performance Evaluation Mode" to automatically improve the performance of all
   internal clocks in this design. Because there are not defined timing requirements, a timing score will not be
   reported in the PAR report in this mode. The PAR timing summary will list the performance achieved for each clock.
   Note: For the fastest runtime, set the effort level to "std".  For best performance, set the effort level to "high".

Device speed data version:  "PRODUCTION 1.23 2013-10-13".



Device Utilization Summary:

Slice Logic Utilization:
  Number of Slice Registers:                    83 out of  11,440    1%
    Number used as Flip Flops:                  75
    Number used as Latches:                      8
    Number used as Latch-thrus:                  0
    Number used as AND/OR logics:                0
  Number of Slice LUTs:                         93 out of   5,720    1%
    Number used as logic:                       93 out of   5,720    1%
      Number using O6 output only:              82
      Number using O5 output only:               1
      Number using O5 and O6:                   10
      Number used as ROM:                        0
    Number used as Memory:                       0 out of   1,440    0%

Slice Logic Distribution:
  Number of occupied Slices:                    50 out of   1,430    3%
  Number of MUXCYs used:                         8 out of   2,860    1%
  Number of LUT Flip Flop pairs used:          124
    Number with an unused Flip Flop:            45 out of     124   36%
    Number with an unused LUT:                  31 out of     124   25%
    Number of fully used LUT-FF pairs:          48 out of     124   38%
    Number of slice register sites lost
      to control set restrictions:               0 out of  11,440    0%

  A LUT Flip Flop pair for this architecture represents one LUT paired with
  one Flip Flop within a slice.  A control set is a unique combination of
  clock, reset, set, and enable signals for a registered element.
  The Slice Logic Distribution report is not meaningful if the design is
  over-mapped for a non-slice resource or if Placement fails.

IO Utilization:
  Number of bonded IOBs:                        16 out of     102   15%
    Number of LOCed IOBs:                       16 out of      16  100%

Specific Feature Utilization:
  Number of RAMB16BWERs:                         0 out of      32    0%
  Number of RAMB8BWERs:                          0 out of      64    0%
  Number of BUFIO2/BUFIO2_2CLKs:                 0 out of      32    0%
  Number of BUFIO2FB/BUFIO2FB_2CLKs:             0 out of      32    0%
  Number of BUFG/BUFGMUXs:                       2 out of      16   12%
    Number used as BUFGs:                        2
    Number used as BUFGMUX:                      0
  Number of DCM/DCM_CLKGENs:                     0 out of       4    0%
  Number of ILOGIC2/ISERDES2s:                   0 out of     200    0%
  Number of IODELAY2/IODRP2/IODRP2_MCBs:         0 out of     200    0%
  Number of OLOGIC2/OSERDES2s:                   0 out of     200    0%
  Number of BSCANs:                              0 out of       4    0%
  Number of BUFHs:                               0 out of     128    0%
  Number of BUFPLLs:                             0 out of       8    0%
  Number of BUFPLL_MCBs:                         0 out of       4    0%
  Number of DSP48A1s:                            0 out of      16    0%
  Number of ICAPs:                               0 out of       1    0%
  Number of MCBs:                                0 out of       2    0%
  Number of PCILOGICSEs:                         0 out of       2    0%
  Number of PLL_ADVs:                            0 out of       2    0%
  Number of PMVs:                                0 out of       1    0%
  Number of STARTUPs:                            0 out of       1    0%
  Number of SUSPEND_SYNCs:                       0 out of       1    0%


Overall effort level (-ol):   Standard 
Router effort level (-rl):    High 

Starting initial Timing Analysis.  REAL time: 3 secs 
Finished initial Timing Analysis.  REAL time: 3 secs 

Starting Router


Phase  1  : 662 unrouted;      REAL time: 4 secs 

Phase  2  : 605 unrouted;      REAL time: 4 secs 

Phase  3  : 222 unrouted;      REAL time: 4 secs 

Phase  4  : 222 unrouted; (Par is working to improve performance)     REAL time: 5 secs 

Updating file: top_routed.ncd with current fully routed design.

Phase  5  : 0 unrouted; (Par is working to improve performance)     REAL time: 5 secs 

Phase  6  : 0 unrouted; (Par is working to improve performance)     REAL time: 5 secs 

Phase  7  : 0 unrouted; (Par is working to improve performance)     REAL time: 5 secs 

Phase  8  : 0 unrouted; (Par is working to improve performance)     REAL time: 5 secs 

Phase  9  : 0 unrouted; (Par is working to improve performance)     REAL time: 5 secs 

Phase 10  : 0 unrouted; (Par is working to improve performance)     REAL time: 5 secs 
Total REAL time to Router completion: 5 secs 
Total CPU time to Router completion: 5 secs 

Partition Implementation Status
-------------------------------

  No Partitions were found in this design.

-------------------------------

Generating "PAR" statistics.
INFO:Par:459 - The Clock Report is not displayed in the non timing-driven mode.
Timing Score: 0 (Setup: 0, Hold: 0)

Asterisk (*) preceding a constraint indicates it was not met.
   This may be due to a setup or hold violation.

----------------------------------------------------------------------------------------------------------
  Constraint                                |    Check    | Worst Case |  Best Case | Timing |   Timing   
                                            |             |    Slack   | Achievable | Errors |    Score   
----------------------------------------------------------------------------------------------------------
  Autotimespec constraint for clock net SW2 | SETUP       |         N/A|     7.689ns|     N/A|           0
  _IBUF_BUFG                                | HOLD        |     0.405ns|            |       0|           0
----------------------------------------------------------------------------------------------------------
  Autotimespec constraint for clock net my_ | SETUP       |         N/A|     2.897ns|     N/A|           0
  I2C/RST_input_shift[7]_AND_25_o           | HOLD        |     1.361ns|            |       0|           0
----------------------------------------------------------------------------------------------------------
  Autotimespec constraint for clock net my_ | SETUP       |         N/A|     2.680ns|     N/A|           0
  I2C/RST_input_shift[7]_AND_17_o           | HOLD        |     1.298ns|            |       0|           0
----------------------------------------------------------------------------------------------------------
  Autotimespec constraint for clock net my_ | SETUP       |         N/A|     2.985ns|     N/A|           0
  I2C/RST_input_shift[7]_AND_23_o           | HOLD        |     1.425ns|            |       0|           0
----------------------------------------------------------------------------------------------------------
  Autotimespec constraint for clock net my_ | SETUP       |         N/A|     2.207ns|     N/A|           0
  I2C/RST_input_shift[7]_AND_27_o           | HOLD        |     1.065ns|            |       0|           0
----------------------------------------------------------------------------------------------------------
  Autotimespec constraint for clock net my_ | SETUP       |         N/A|     3.512ns|     N/A|           0
  I2C/RST_input_shift[7]_AND_19_o           | HOLD        |     1.737ns|            |       0|           0
----------------------------------------------------------------------------------------------------------
  Autotimespec constraint for clock net my_ | SETUP       |         N/A|     3.437ns|     N/A|           0
  I2C/RST_input_shift[7]_AND_15_o           | HOLD        |     1.682ns|            |       0|           0
----------------------------------------------------------------------------------------------------------
  Autotimespec constraint for clock net my_ | SETUP       |         N/A|     2.666ns|     N/A|           0
  I2C/RST_input_shift[7]_AND_21_o           | HOLD        |     1.234ns|            |       0|           0
----------------------------------------------------------------------------------------------------------
  Autotimespec constraint for clock net my_ | SETUP       |         N/A|     3.138ns|     N/A|           0
  I2C/RST_input_shift[7]_AND_13_o           | HOLD        |     1.557ns|            |       0|           0
----------------------------------------------------------------------------------------------------------


All constraints were met.
INFO:Timing:2761 - N/A entries in the Constraints List may indicate that the 
   constraint is not analyzed due to the following: No paths covered by this 
   constraint; Other constraints intersect with this constraint; or This 
   constraint was disabled by a Path Tracing Control. Please run the Timespec 
   Interaction Report (TSI) via command line (trce tsi) or Timing Analyzer GUI.


Generating Pad Report.

All signals are completely routed.

Total REAL time to PAR completion: 5 secs 
Total CPU time to PAR completion: 5 secs 

Peak Memory Usage:  611 MB

Placer: Placement generated during map.
Routing: Completed - No errors found.

Number of error messages: 0
Number of warning messages: 0
Number of info messages: 2

Writing design to file top_routed.ncd



PAR done!

*** Running trce
    with args -intstyle ise -o top.twr -v 30 -l 30 top_routed.ncd top.pcf

Loading device for application Rf_Device from file '6slx9.nph' in environment
/pkg/Xilinx/14.7/ISE_DS/ISE/.
   "top" is an NCD, version 3.2, device xc6slx9, package tqg144, speed -2

Analysis completed Fri Nov 11 15:33:22 2016
--------------------------------------------------------------------------------

Generating Report ...

Number of warnings: 0
Total time: 3 secs 

*** Running xdl
    with args -secure -ncd2xdl -nopips top_routed.ncd top_routed.xdl

Release 14.7 - xdl P.20131013 (lin64)
Copyright (c) 1995-2013 Xilinx, Inc.  All rights reserved.

WARNING:XDL:213 - The resulting xdl output will not have LUT equation strings or RAM INIT strings.
Loading device for application Rf_Device from file '6slx9.nph' in environment /pkg/Xilinx/14.7/ISE_DS/ISE/.
   "top" is an NCD, version 3.2, device xc6slx9, package tqg144, speed -2
Successfully converted design 'top_routed.ncd' to 'top_routed.xdl'.

*** Running bitgen
    with args top_routed.ncd top.bit top.pcf -w -intstyle pa

WARNING:PhysDesignRules:372 - Gated clock. Clock net
   my_I2C/RST_input_shift[7]_AND_25_o is sourced by a combinatorial pin. This is
   not good design practice. Use the CE pin to control the loading of data into
   the flip-flop.
WARNING:PhysDesignRules:372 - Gated clock. Clock net
   my_I2C/RST_input_shift[7]_AND_17_o is sourced by a combinatorial pin. This is
   not good design practice. Use the CE pin to control the loading of data into
   the flip-flop.
WARNING:PhysDesignRules:372 - Gated clock. Clock net
   my_I2C/RST_input_shift[7]_AND_23_o is sourced by a combinatorial pin. This is
   not good design practice. Use the CE pin to control the loading of data into
   the flip-flop.
WARNING:PhysDesignRules:372 - Gated clock. Clock net
   my_I2C/RST_input_shift[7]_AND_27_o is sourced by a combinatorial pin. This is
   not good design practice. Use the CE pin to control the loading of data into
   the flip-flop.
WARNING:PhysDesignRules:372 - Gated clock. Clock net
   my_I2C/RST_input_shift[7]_AND_19_o is sourced by a combinatorial pin. This is
   not good design practice. Use the CE pin to control the loading of data into
   the flip-flop.
WARNING:PhysDesignRules:372 - Gated clock. Clock net
   my_I2C/RST_input_shift[7]_AND_15_o is sourced by a combinatorial pin. This is
   not good design practice. Use the CE pin to control the loading of data into
   the flip-flop.
WARNING:PhysDesignRules:372 - Gated clock. Clock net
   my_I2C/RST_input_shift[7]_AND_21_o is sourced by a combinatorial pin. This is
   not good design practice. Use the CE pin to control the loading of data into
   the flip-flop.
WARNING:PhysDesignRules:372 - Gated clock. Clock net
   my_I2C/RST_input_shift[7]_AND_13_o is sourced by a combinatorial pin. This is
   not good design practice. Use the CE pin to control the loading of data into
   the flip-flop.
