Command line:
   hello_tb.exe
     -simmode  gui
     -simrunnum  0
     -socket  59616

Mon Sep 12 14:07:36 2016


 Elaboration Time: 0.02 sec

 Current Memory Usage: 196.239 Meg

 Total Signals          : 20
 Total Nets             : 16
 Total Signal Drivers   : 8
 Total Blocks           : 4
 Total Primitive Blocks : 2
 Total Processes        : 10
 Total Traceable Variables  : 19
 Total Scalar Nets and Variables : 97
Total Line Count : 23

 Total Simulation Time: 0.08 sec

 Current Memory Usage: 271.741 Meg

Mon Sep 12 14:10:45 2016

