Running: /work/installs/Xilinx/14.7/ISE_DS/ISE/bin/lin64/unwrapped/fuse -intstyle pa -incremental -L work -L unisims_ver -L unimacro_ver -L xilinxcorelib_ver -L secureip -o counter_tb.exe --prj /home/saul/Projects/digital/DIGIMP/Papilio/counter/FPGA/project_1/project_1.sim/sim_1/behav/counter_tb.prj -top work.counter_tb -top work.glbl 
ISim P.20131013 (signature 0xfbc00daa)
Number of CPUs detected in this system: 8
Turning on mult-threading, number of parallel sub-compilation jobs: 16 
Determining compilation order of HDL files
Analyzing Verilog file "/home/saul/Projects/digital/DIGIMP/Papilio/counter/FPGA/project_1/project_1.srcs/sources_1/imports/counter/counter.v" into library work
Analyzing Verilog file "/home/saul/Projects/digital/DIGIMP/Papilio/counter/FPGA/project_1/project_1.srcs/sources_1/new/top.v" into library work
Analyzing Verilog file "/home/saul/Projects/digital/DIGIMP/Papilio/counter/FPGA/project_1/project_1.srcs/sim_1/imports/counter/counter_tb.v" into library work
Analyzing Verilog file "/work/installs/Xilinx/14.7/ISE_DS/PlanAhead/data/verilog/src/glbl.v" into library work
Starting static elaboration
Completed static elaboration
Fuse Memory Usage: 94676 KB
Fuse CPU Usage: 700 ms
Compiling module counter
Compiling module top
Compiling module counter_tb
Compiling module glbl
Time Resolution for simulation is 1ps.
Waiting for 1 sub-compilation(s) to finish...
Compiled 4 Verilog Units
Built simulation executable counter_tb.exe
Fuse Memory Usage: 1179164 KB
Fuse CPU Usage: 700 ms
GCC CPU Usage: 140 ms
