Command line:
   spc2_pap_tb.exe
     -simmode  gui
     -simrunnum  0
     -socket  33504

Thu Sep 15 14:26:50 2016


 Elaboration Time: 0.02 sec

 Current Memory Usage: 196.252 Meg

 Total Signals          : 39
 Total Nets             : 43
 Total Signal Drivers   : 27
 Total Blocks           : 4
 Total Primitive Blocks : 2
 Total Processes        : 33
 Total Traceable Variables  : 44
 Total Scalar Nets and Variables : 236
Total Line Count : 127

 Total Simulation Time: 0.16 sec

 Current Memory Usage: 271.753 Meg

Thu Sep 15 17:23:52 2016

