###############################################################
#  Generated by:      Cadence Encounter 14.27-s035_1
#  OS:                Linux x86_64(Host ID s2424.it.kth.se)
#  Generated on:      Mon Apr 11 15:47:24 2016
#  Design:            FreqDiv64
#  Command:           verifyConnectivity -type all -error 1000 -warning 50
###############################################################
Verify Connectivity Report is created on Mon Apr 11 15:47:24 2016



Net vdd!: dangling Wire at (21.280, 71.680) (21.280, 71.680) on layer: M1
Net vdd!: dangling Wire at (84.000, 71.680) (84.000, 71.680) on layer: M1
Net vdd!: dangling Wire at (21.280, 61.600) (21.280, 61.600) on layer: M1
Net vdd!: dangling Wire at (84.000, 61.600) (84.000, 61.600) on layer: M1
Net vdd!: dangling Wire at (21.280, 51.520) (21.280, 51.520) on layer: M1
Net vdd!: dangling Wire at (84.000, 51.520) (84.000, 51.520) on layer: M1
Net vdd!: dangling Wire at (21.280, 41.440) (21.280, 41.440) on layer: M1
Net vdd!: dangling Wire at (84.000, 41.440) (84.000, 41.440) on layer: M1
Net vdd!: dangling Wire at (21.280, 31.360) (21.280, 31.360) on layer: M1
Net vdd!: dangling Wire at (84.000, 31.360) (84.000, 31.360) on layer: M1
Net vdd!: dangling Wire at (21.280, 21.280) (21.280, 21.280) on layer: M1
Net vdd!: dangling Wire at (84.000, 21.280) (84.000, 21.280) on layer: M1
Net gnd!: dangling Wire at (21.280, 76.720) (21.280, 76.720) on layer: M1
Net gnd!: dangling Wire at (84.000, 76.720) (84.000, 76.720) on layer: M1
Net gnd!: dangling Wire at (21.280, 66.640) (21.280, 66.640) on layer: M1
Net gnd!: dangling Wire at (84.000, 66.640) (84.000, 66.640) on layer: M1
Net gnd!: dangling Wire at (21.280, 56.560) (21.280, 56.560) on layer: M1
Net gnd!: dangling Wire at (84.000, 56.560) (84.000, 56.560) on layer: M1
Net gnd!: dangling Wire at (21.280, 46.480) (21.280, 46.480) on layer: M1
Net gnd!: dangling Wire at (84.000, 46.480) (84.000, 46.480) on layer: M1
Net gnd!: dangling Wire at (21.280, 36.400) (21.280, 36.400) on layer: M1
Net gnd!: dangling Wire at (84.000, 36.400) (84.000, 36.400) on layer: M1
Net gnd!: dangling Wire at (21.280, 26.320) (21.280, 26.320) on layer: M1
Net gnd!: dangling Wire at (84.000, 26.320) (84.000, 26.320) on layer: M1

Begin Summary
    24 Problem(s) (ENCVFC-94): The net has dangling wire(s).
    24 total info(s) created.
End Summary
