###############################################################
#  Generated by:      Cadence Encounter 14.27-s035_1
#  OS:                Linux x86_64(Host ID s2424.it.kth.se)
#  Generated on:      Tue Aug  2 10:22:25 2016
#  Design:            vin_spc
#  Command:           checkDesign -all -outDir checkDesignDbSetup
###############################################################
Design: vin_spc

------ Design Summary:
Total Standard Cell Number   (cells) : 85
Total Block Cell Number      (cells) : 0
Total I/O Pad Cell Number    (cells) : 0
Total Standard Cell Area     ( um^2) : 5227.08
Total Block Cell Area        ( um^2) : 0.00
Total I/O Pad Cell Area      ( um^2) : 0.00

------ Design Statistics:

Number of Instances            : 85
Number of Nets                 : 163
Average number of Pins per Net : 2.68
Maximum number of Pins in Net  : 73

------ I/O Port summary

Number of Primary I/O Ports    : 36
Number of Input Ports          : 3
Number of Output Ports         : 33
Number of Bidirectional Ports  : 0
Number of Power/Ground Ports   : 0



------------------------------------------------------------
Detail report:


------ I/O Pad/Port Checking


