#                          Extraction Options Log File
# Design "cur_dec"
#

Option multi_corner_tech_file_00 = "/pkg/AMS414/assura/ac18a6/ac18a6/QRC-worst/qrcTechFile"
Option multi_corner_tech_file_01 = "/pkg/AMS414/assura/ac18a6/ac18a6/QRC-best/qrcTechFile"
Option multi_corner_temperature_00 = "150"
Option multi_corner_temperature_01 = "-50"

Option layermap_file = "/pkg/AMS414/cds/HK_AC18/LEF/ac18a6/qrclaymap.ccl"

Option gray_data = "obs"

Option reduce_output = "false"

Option layout_scale = "1"

Option max_resistor_length = "24.9"

Option dump_options "false"

Option copy_port_to_obs = "true"

Option promote_feedthru_ports = "false"

Option remove_net_pin_overlap = "false"

Option coupled = "false"

Option enable_metal_fill_effects = "true"
Option metal_fill_type = "floating"

Option compress_cache_files = "true"


Power and ground nets are not extracted.
Port geometries are used as gray geometries (similar to OBS geometries) while extraction.
"max_resistor_length" in TQRC and IQRC extraction can vary from design to design.


#
# This file was generated by Innovus v15.28-s017_1 on Tue Aug 29 16:02:25 2017

