Running: /pkg/Xilinx/14.7/ISE_DS/ISE/bin/lin64/unwrapped/fuse -intstyle pa -incremental -L work -L unisims_ver -L unimacro_ver -L xilinxcorelib_ver -L secureip -o hello_tb.exe --prj /home/saul/projects/digital/DIGIMP/Papilio/helloworld/FPGA/hello_world/hello_world.sim/sim_1/behav/hello_tb.prj -top work.hello_tb -top work.glbl 
ISim P.20131013 (signature 0xfbc00daa)
Number of CPUs detected in this system: 4
Turning on mult-threading, number of parallel sub-compilation jobs: 8 
Determining compilation order of HDL files
Analyzing Verilog file "/home/saul/projects/digital/DIGIMP/Papilio/helloworld/FPGA/hello_world/hello_world.srcs/sources_1/imports/helloworld/hello.v" into library work
Analyzing Verilog file "/home/saul/projects/digital/DIGIMP/Papilio/helloworld/FPGA/hello_world/hello_world.srcs/sources_1/new/top.v" into library work
Analyzing Verilog file "/home/saul/projects/digital/DIGIMP/Papilio/helloworld/FPGA/hello_world/hello_world.srcs/sim_1/imports/helloworld/hello_tb.v" into library work
Analyzing Verilog file "/pkg/Xilinx/14.7/ISE_DS/PlanAhead/data/verilog/src/glbl.v" into library work
Starting static elaboration
Completed static elaboration
Fuse Memory Usage: 94664 KB
Fuse CPU Usage: 860 ms
Compiling module hello
Compiling module top
Compiling module hello_tb
Compiling module glbl
Time Resolution for simulation is 1ps.
Waiting for 1 sub-compilation(s) to finish...
Compiled 4 Verilog Units
Built simulation executable hello_tb.exe
Fuse Memory Usage: 654856 KB
Fuse CPU Usage: 870 ms
GCC CPU Usage: 260 ms
