###############################################################
#  Generated by:      Cadence Encounter 14.24-s039_1
#  OS:                Linux x86_64(Host ID localhost.localdomain)
#  Generated on:      Fri Nov  6 13:37:05 2015
#  Design:            FreqDiv
#  Command:           checkDesign -all -outDir checkDesignDbSetup
###############################################################
Design: FreqDiv

------ Design Summary:
Total Standard Cell Number   (cells) : 49
Total Block Cell Number      (cells) : 0
Total I/O Pad Cell Number    (cells) : 0
Total Standard Cell Area     ( um^2) : 1764.00
Total Block Cell Area        ( um^2) : 0.00
Total I/O Pad Cell Area      ( um^2) : 0.00

------ Design Statistics:

Number of Instances            : 49
Number of Nets                 : 87
Average number of Pins per Net : 2.47
Maximum number of Pins in Net  : 17

------ I/O Port summary

Number of Primary I/O Ports    : 8
Number of Input Ports          : 6
Number of Output Ports         : 2
Number of Bidirectional Ports  : 0
Number of Power/Ground Ports   : 0



------------------------------------------------------------
Detail report:


------ I/O Pad/Port Checking


