###############################################################
#  Generated by:      Cadence Innovus 15.28-s017_1
#  OS:                Linux x86_64(Host ID s2424.it.kth.se)
#  Generated on:      Wed Jul  5 15:35:07 2017
#  Design:            sar5
#  Command:           checkDesign -all -outDir ../REPORTS/checkDesignDbSetup
###############################################################
Design: sar5

------ Design Summary:
Total Standard Cell Number   (cells) : 36
Total Block Cell Number      (cells) : 0
Total I/O Pad Cell Number    (cells) : 0
Total Standard Cell Area     ( um^2) : 866.48
Total Block Cell Area        ( um^2) : 0.00
Total I/O Pad Cell Area      ( um^2) : 0.00

------ Design Statistics:

Number of Instances            : 36
Number of Nets                 : 51
Average number of Pins per Net : 2.84
Maximum number of Pins in Net  : 9

------ I/O Port summary

Number of Primary I/O Ports    : 8
Number of Input Ports          : 3
Number of Output Ports         : 5
Number of Bidirectional Ports  : 0
Number of Power/Ground Ports   : 0



------------------------------------------------------------
Detail report:


------ I/O Pad/Port Checking


