

  Cadence Quantus QRC Extraction - 64-bit Parasitic Extractor - Version
15.2.7-s638 Wed Jan  4 18:11:53 PST 2017
-------------------------------------------------------------------------------------------------------------------
                                    Copyright 2017 Cadence Design Systems,
Inc.


INFO (EXTGRMP-102) : Starting at 2017-Jul-05 17:33:49 (2017-Jul-05 15:33:49 GMT) on host
s2424.it.kth.se with pid 29912.
Running binary as: 
 /pkg/Cadence/installs/EXT152/tools/extraction/bin/64bit/qrc -cmd
/tmp/innovus_temp_17342_s2424.it.kth.se_saul_g9syri/tmp_qrc_aEIbYg/qrc.cmd
/tmp/innovus_temp_17342_s2424.it.kth.se_saul_g9syri/tmp_qrc_aEIbYg/qrc.def.gz
 

WARNING (EXTGRMP-414) : No GDSII/OASIS file is specified. Setting graybox type as LEF_OBSTRUCTION.

INFO (EXTGRMP-142) : Command line arguments:
"-cmd"
"/tmp/innovus_temp_17342_s2424.it.kth.se_saul_g9syri/tmp_qrc_aEIbYg/qrc.cmd"
"/tmp/innovus_temp_17342_s2424.it.kth.se_saul_g9syri/tmp_qrc_aEIbYg/qrc.def.gz"

INFO (EXTGRMP-143) : Option copy_port_to_obs = "true"

INFO (EXTGRMP-143) : Option log_file = "qrc_17342_20170705_17:33:48.log"

INFO (EXTGRMP-143) : Option max_error_messages = "100"

INFO (EXTGRMP-143) : Option message_detail_level = "10"

INFO (EXTGRMP-143) : Option tech_file = ""

INFO (EXTGRMP-143) : Option library_name = ""

INFO (EXTGRMP-143) : Option oa_default_rule_name = ""

INFO (EXTGRMP-143) : Option gray_data = "obs"

INFO (EXTGRMP-143) : Option use_macro_density = "false"

INFO (EXTGRMP-143) : Option comp_prealloc = "0"

INFO (EXTGRMP-143) : Option net_prealloc = "0"

INFO (EXTGRMP-143) : Option output_directory_name =
"/tmp/innovus_temp_17342_s2424.it.kth.se_saul_g9syri/tmp_qrc_aEIbYg"

INFO (EXTGRMP-143) : Option output_coordinate_units = "micron"

INFO (EXTGRMP-143) : Option output_cache_directory_name =
"/tmp/innovus_temp_17342_s2424.it.kth.se_saul_g9syri/tmp_qrc_aEIbYg/.qrctemp"

INFO (EXTGRMP-143) : Option keep_temporary_files = "false"

INFO (EXTGRMP-143) : Option output_density_tiles = "false"

INFO (EXTGRMP-143) : Option output_file_name = "sar5"

INFO (EXTGRMP-143) : Option spef_define_file = ""

INFO (EXTGRMP-143) : Option reduce_output = "false"

INFO (EXTGRMP-143) : Option debug_log = "false"

INFO (EXTGRMP-143) : Option spef_output = "generic"

INFO (EXTGRMP-143) : Option dspf_output = "none"

INFO (EXTGRMP-143) : Option output_sstorm_db_name = ""

INFO (EXTGRMP-143) : Option netlist_output = "none"

INFO (EXTGRMP-143) : Option net_cc_output = "false"

INFO (EXTGRMP-143) : Option rcdb_output = "false"

INFO (EXTGRMP-143) : Option hierarchy_char = "/"

INFO (EXTGRMP-143) : Option bus_chars = "[]"

INFO (EXTGRMP-143) : Option pin_char = ":"

INFO (EXTGRMP-143) : Option truncate_regular_wires = "false"

INFO (EXTGRMP-143) : Option layout_scale = "1.0"

INFO (EXTGRMP-143) : Option output_file_max_size = "9223372036854775807"

INFO (EXTGRMP-143) : Option dump_options = "true"

INFO (EXTGRMP-143) : Option short_incomplete_net_pins = "true"

INFO (EXTGRMP-143) : Option promote_incomplete_net_pins = "true"

INFO (EXTGRMP-143) : Option output_incomplete_nets = "true"

INFO (EXTGRMP-143) : Option output_unrouted_nets = "false"

INFO (EXTGRMP-143) : Option treat_special_chars = "true"

INFO (EXTGRMP-143) : Option lumped_cc_threshold = "0.0"

INFO (EXTGRMP-143) : Option reduction_max_frequency = "1.0e+08"

INFO (EXTGRMP-143) : Option compressed_output = "true"

INFO (EXTGRMP-143) : Option max_resistor_length = "100.0"

INFO (EXTGRMP-143) : Option promote_feedthru_ports = "none"

INFO (EXTGRMP-143) : Option promote_instance_ports = "none"

INFO (EXTGRMP-143) : Option output_promoted_feedthrus = "false"

INFO (EXTGRMP-143) : Option output_unconnected_pins = "false"

INFO (EXTGRMP-143) : Option remove_floating_metals = "false"

INFO (EXTGRMP-143) : Option promote_pin_pad = "logical"

INFO (EXTGRMP-143) : Option eco_compatible_mode = "false"

INFO (EXTGRMP-143) : Option cap_mode_2915 = "true"

INFO (EXTGRMP-143) : Option quickcap_file = "false"

INFO (EXTGRMP-143) : Option ict_file = "process.ict"

INFO (EXTGRMP-143) : Option quickcap_netfile = "qapi.net"

INFO (EXTGRMP-143) : Option lefcap_output = "false"

INFO (EXTGRMP-143) : Option lefcap_scale = "1.25"

INFO (EXTGRMP-143) : Option lefres_output = "false"

INFO (EXTGRMP-143) : Option kfactor_file = ""

INFO (EXTGRMP-143) : Option total_c_threshold = "5"

INFO (EXTGRMP-143) : Option relative_c_threshold = "0.03"

INFO (EXTGRMP-143) : Option output_cap_filtering_mode = "relative_and_coupling"

INFO (EXTGRMP-143) : Option cap_mode = "default"

INFO (EXTGRMP-143) : Option parallel_options = ""

INFO (EXTGRMP-143) : Option load_optimized_views = "true"

INFO (EXTGRMP-143) : Option enable_metal_fill_effects = "true"

INFO (EXTGRMP-143) : Option advanced_metal_fill = "false"

INFO (EXTGRMP-143) : Option metal_fill_type = "floating"

INFO (EXTGRMP-143) : Option vmf_metal_scheme_file = ""

INFO (EXTGRMP-143) : Option vmf_rule_file = ""

INFO (EXTGRMP-143) : Option metal_fill_gds_file = ""

INFO (EXTGRMP-143) : Option density_check_method = "none"

INFO (EXTGRMP-143) : Option temperature = "25"

INFO (EXTGRMP-143) : Option promote_gray_data_pins = "false"

INFO (EXTGRMP-143) : Option use_layer_bias_in_cmd_and_process_bias_in_tech = "false"

INFO (EXTGRMP-143) : Option map_eeq_to_master_in_output = "false"

INFO (EXTGRMP-143) : Option match_res_cap_in_output = "false"

INFO (EXTGRMP-143) : Option merge_tile_boundary_data = "true"

INFO (EXTGRMP-143) : Option coupling_c_threshold = "3"

INFO (EXTGRMP-143) : Option use_icecaps_models_only = "false"

INFO (EXTGRMP-143) : Option use_name_map_in_spef = "true"

INFO (EXTGRMP-143) : Option name_map_start_index_in_spef = "0"

INFO (EXTGRMP-143) : Option timeout = "604800"

INFO (EXTGRMP-143) : Option num_of_trials = "0"

INFO (EXTGRMP-143) : Option separate_cc_prefix_in_dspf = "false"

INFO (EXTGRMP-143) : Option output_oa = "false"

INFO (EXTGRMP-143) : Option oa_analysis_point = "default"

INFO (EXTGRMP-143) : Option enable_sensitivity_extraction = "false"

INFO (EXTGRMP-143) : Option report_details = "false"

INFO (EXTGRMP-143) : Option report_shorts = "false"

INFO (EXTGRMP-143) : Option metal_fill_gds_offset_X = "0.0"

INFO (EXTGRMP-143) : Option metal_fill_gds_offset_Y = "0.0"

INFO (EXTGRMP-143) : Option ignore_pushdown_blockages = "false"

INFO (EXTGRMP-143) : Option compress_cache_files = "true"

INFO (EXTGRMP-143) : Option strong_gray_debug = "false"

INFO (EXTGRMP-143) : Option disable_instances = "true"

INFO (EXTGRMP-143) : Option disable_subnodes = "true"

INFO (EXTGRMP-143) : Option dump_erosion_info = ""

INFO (EXTGRMP-143) : Option silicon_width_printing = "true"

INFO (EXTGRMP-143) : Option unscaled_res_params_printing = "false"

INFO (EXTGRMP-143) : Option add_explicit_vias = "false"

INFO (EXTGRMP-143) : Option cap_ground_net = "0"

INFO (EXTGRMP-143) : Option output_res_temp_coeff = "false"

INFO (EXTGRMP-143) : Option write_coupled_decoupled_files = "false"

INFO (EXTGRMP-143) : Option capacitance_coupling = "default"

INFO (EXTGRMP-143) : Option top_cell = ""

INFO (EXTGRMP-143) : Option input_directory_name = ""

INFO (EXTGRMP-143) : Option binary_input = "false"

INFO (EXTGRMP-143) : Option binary_output = "false"

INFO (EXTGRMP-143) : Option enable_ieee_sensitivity = "false"

INFO (EXTGRMP-143) : Option bump_map_file = ""

INFO (EXTGRMP-143) : Option enable_bump_instance = "false"

INFO (EXTGRMP-143) : Option enable_tsv_instance = "false"

INFO (EXTGRMP-143) : Option enable_TSV_STA_Cc_model = "false"

INFO (EXTGRMP-143) : Option stitch_bump_model = "false"

INFO (EXTGRMP-143) : Option stitch_tsv_model = "none"

INFO (EXTGRMP-143) : Option enable_eco_mode = "false"

INFO (EXTGRMP-143) : Option eco_file = ""

INFO (EXTGRMP-143) : Option override_eco_reference = "true"

INFO (EXTGRMP-143) : Option analysis_mode = "timing"

INFO (EXTGRMP-143) : Option use_lef_for_hierarchical_def = "false"

INFO (EXTGRMP-143) : Option LEF files =
"/tmp/innovus_temp_17342_s2424.it.kth.se_saul_g9syri/tmp_qrc_aEIbYg/tmp.lef"

INFO (EXTGRMP-143) : Option GDSII files = ""

INFO (EXTGRMP-143) : Option GDSII/RDL files = ""

INFO (EXTGRMP-143) : Option SPICE files = ""

INFO (EXTGRMP-143) : Option DENSITY cells = ""

INFO (EXTGRMP-143) : Option stitch bump cells = ""

INFO (EXTGRMP-143) : Option ignored macros = ""

INFO (EXTGRMP-143) : Option black macros = ""

INFO (EXTGRMP-156) : Layer mappings from the command file.
CA --> via_M1_PC
PC --> PC
M1 --> M1
V1 --> via_M2_M1
M2 --> M2
V2 --> via_M3_M2
M3 --> M3
V3 --> via_M4_M3
M4 --> M4
V4 --> via_MT_M4
MT --> MT
FT --> via_AM_MT
AM --> AM

INFO (EXTGRMP-276) : Layer settings were not specified.

INFO (EXTGRMP-548) : Fill layer settings were not specified.

INFO (EXTGRMP-550) : Active Fill layer settings were not specified.

INFO (EXTGRMP-562) : HPB layer settings were not specified.

INFO (EXTGRMP-623) : Background density layer mappings were not specified.

INFO (EXTGRMP-144) : There were no layer bias commands for R values.

INFO (EXTGRMP-147) : Layer bias settings for C values were not specified.

INFO (EXTGRMP-149) : Lefcap area scale settings were not specified.

INFO (EXTGRMP-153) : Lefcap edge scale settings were not specified.

INFO (EXTGRMP-151) : Parameter name settings were not specified.

INFO (EXTGRMP-260) : Layer cluster settings were not specified.

INFO (EXTHPY-232) : Preprocessing stage started at Wed Jul  5 17:33:49 2017.

INFO (EXTGRMP-195) : Line 59: reading VIAS section. Expecting 16.

INFO (EXTGRMP-195) : Line 208: reading COMPONENTS section. Expecting 67.

INFO (EXTGRMP-195) : Line 345: reading PINS section. Expecting 8.

INFO (EXTGRMP-195) : Line 372: reading SPECIALNETS section. Expecting 3.

INFO (EXTGRMP-195) : Line 435: reading NETS section. Expecting 48.


INFO (EXTGRMP-573) : Using layout scale factor specified in the tech
file(s): 1 

INFO (EXTGRMP-336) : Reading technology data and cell definitions from LEF
file:

INFO (EXTGRMP-338) :
/tmp/innovus_temp_17342_s2424.it.kth.se_saul_g9syri/tmp_qrc_aEIbYg/tmp.lef

WARNING (EXTGRMP-330) : LEF layer "NW" is not mapped with any tech file
layer. Ignoring its
definition. 
An error will be issued if its definition is required. Make sure its layer
mapping information is provided in -technology_layer_map option.

WARNING (EXTGRMP-605) : Layer "NW" will not be extracted and will be
ignored. 

WARNING (EXTGRMP-605) : Layer "RX" will not be extracted and will be
ignored. 

WARNING (EXTGRMP-605) : Layer "PC" will not be extracted and will be
ignored. 

WARNING (EXTGRMP-330) : LEF layer "VIATSV" is not mapped with any tech file
layer. Ignoring its
definition. 
An error will be issued if its definition is required. Make sure its layer
mapping information is provided in -technology_layer_map option.

WARNING (EXTGRMP-330) : LEF layer "METTSV" is not mapped with any tech file
layer. Ignoring its
definition. 
An error will be issued if its definition is required. Make sure its layer
mapping information is provided in -technology_layer_map option.

WARNING (EXTGRMP-184) : Gray-box mode was selected for extraction, but 59
macro definitions did not
include any obstruction data. The first 10 were:
 ANTENNA ANTENNAN ANTENNAP CLKINVX1 CLKINVX10 CLKINVX12 CLKINVX16 CLKINVX2
CLKINVX24 CLKINVX3
Check the library inputs and log files from library setup to determine
whether there is a problem.

INFO (EXTGRMP-205) : Reading DEF file:
/tmp/innovus_temp_17342_s2424.it.kth.se_saul_g9syri/tmp_qrc_aEIbYg/qrc.def.gz

INFO (EXTGRMP-195) : Line 59: reading VIAS section. Expecting 16.

INFO (EXTGRMP-195) : Line 208: reading COMPONENTS section. Expecting 67.

INFO (EXTGRMP-195) : Line 345: reading PINS section. Expecting 8.

INFO (EXTGRMP-195) : Line 372: reading SPECIALNETS section. Expecting 3.

INFO (EXTGRMP-195) : Line 435: reading NETS section. Expecting 48.

INFO (EXTGRMP-248) : METAL FILL data is not available in DEF file.

INFO (EXTGRMP-207) : Reading DEF file completed successfully.

INFO (EXTGRMP-292) : Checking Command/Tech/License Files. 

INFO (EXTGRMP-281) : Manufacturing Data Information :- 
  DEF/GDS/OASIS/LEF file 
    does NOT contain MetalFill data. 
  Techfile  
    does     contain WEE data.     
    does NOT contain Erosion data t=f( density ) 
    does NOT contain R(w) data.    
    does NOT contain R(w, s) data.  
    does NOT contain TC(w) data.    
    does NOT contain T/B enlargement data. 
    does     contain Floating Metal Fill models. 
    does NOT contain WBE data. 

INFO (EXTGRMP-294) : RCs effects computed for this session include :- 
 MetalFill        : OFF 
 WEE Effects      : rc 
 Erosion Effects  : n/a t=f(density) 
 T/B Enlargements : n/a 
 R(w) Effects     : n/a 
 R(w,s) Effects   : n/a 
 TC(w) Effects    : n/a 
Some effects indicate n/a because of non-availability of relevant input
data (or) requested to be off.


INFO (EXTSNZ-133) : 4%

INFO (EXTSNZ-133) : 8%

INFO (EXTSNZ-133) : 13%

INFO (EXTSNZ-133) : 17%

INFO (EXTSNZ-133) : 21%

INFO (EXTSNZ-133) : 25%

INFO (EXTSNZ-133) : 29%

INFO (EXTSNZ-133) : 33%

INFO (EXTSNZ-133) : 38%

INFO (EXTSNZ-133) : 42%

INFO (EXTSNZ-133) : 46%

INFO (EXTSNZ-133) : 50%

INFO (EXTSNZ-133) : 54%

INFO (EXTSNZ-133) : 58%

INFO (EXTSNZ-133) : 63%

INFO (EXTSNZ-133) : 67%

INFO (EXTSNZ-133) : 71%

INFO (EXTSNZ-133) : 75%

INFO (EXTSNZ-133) : 79%

INFO (EXTSNZ-133) : 83%

INFO (EXTSNZ-133) : 88%

INFO (EXTSNZ-133) : 92%

INFO (EXTSNZ-133) : 96%


INFO (EXTGRMP-368) : The extracted temperature is 25, the reference
temperature is 27 for the
process !


INFO (EXTGRMP-211) : Reading geometric data from DEF file:
/tmp/innovus_temp_17342_s2424.it.kth.se_saul_g9syri/tmp_qrc_aEIbYg/qrc.def.gz

INFO (EXTGRMP-213) : Reading geometric data from DEF completed
successfully.



INFO (EXTSNZ-133) : 3%

INFO (EXTSNZ-133) : 6%

INFO (EXTSNZ-133) : 9%

INFO (EXTSNZ-133) : 12%

INFO (EXTSNZ-133) : 15%

INFO (EXTSNZ-133) : 18%

INFO (EXTSNZ-133) : 21%

INFO (EXTSNZ-133) : 24%

INFO (EXTSNZ-133) : 27%

INFO (EXTSNZ-133) : 30%

INFO (EXTSNZ-133) : 33%

INFO (EXTSNZ-133) : 36%

INFO (EXTSNZ-133) : 39%

INFO (EXTSNZ-133) : 42%

INFO (EXTSNZ-133) : 45%

INFO (EXTSNZ-133) : 48%

INFO (EXTSNZ-133) : 52%

INFO (EXTSNZ-133) : 55%

INFO (EXTSNZ-133) : 58%

INFO (EXTSNZ-133) : 61%

INFO (EXTSNZ-133) : 64%

INFO (EXTSNZ-133) : 67%

INFO (EXTSNZ-133) : 70%

INFO (EXTSNZ-133) : 73%

INFO (EXTSNZ-133) : 76%

INFO (EXTSNZ-133) : 79%

INFO (EXTSNZ-133) : 82%

INFO (EXTSNZ-133) : 85%

INFO (EXTSNZ-133) : 88%

INFO (EXTSNZ-133) : 91%

INFO (EXTSNZ-133) : 94%

INFO (EXTSNZ-133) : 97%


INFO (EXTHPY-101) : Initializing gray data from all cell instances for
capacitance extraction.

INFO (EXTHPY-102) : Processing of gray data completed successfully.

INFO (EXTHPY-156) : Gray pins that are touching or overlapping extracted
nets will be treated
as gray data during extraction.


INFO (EXTHPY-101) : Initializing gray data from all cell instances for
capacitance extraction.

INFO (EXTHPY-102) : Processing of gray data completed successfully.

INFO (EXTHPY-156) : Gray pins that are touching or overlapping extracted
nets will be treated
as gray data during extraction.


INFO (EXTHPY-233) : Preprocessing stage completed successfully at Wed Jul  5 17:33:53 2017.

INFO (EXTHPY-173) : Capacitance extraction started at Wed Jul  5 17:33:53 2017.

INFO (EXTHPY-104) :    0%

INFO (EXTHPY-104) :    100%


INFO (EXTHPY-103) : Extracting capacitance values.


INFO (EXTHPY-174) : Capacitance extraction completed successfully at Wed Jul  5 17:33:59 2017.

INFO (EXTHPY-175) : Output generation started at Wed Jul  5 17:33:59 2017.

INFO (EXTSNZ-156) :    0%


INFO (EXTGRMP-103) : Output Driver started at: Wed Jul  5 17:33:59 2017

INFO (EXTGRMP-103) : Output Driver ended at: Wed Jul  5 17:33:59 2017

WARNING (EXTGRMP-574) : There are 2 unrouted nets. 
Please check file *.incompletenets in your output directory for details. 



INFO (EXTHPY-176) : Output generation completed successfully at Wed Jul  5 17:34:00 2017.

Ending at 2017-Jul-05 17:34:00 (2017-Jul-05 15:34:00 GMT).

 Tool:                    Cadence Quantus QRC Extraction 64-bit
 Version:                 15.2.7-s638 Wed Jan  4 18:11:53 PST 2017
 IR Build No:             638 
 Techfile:               
/tmp/innovus_temp_17342_s2424.it.kth.se_saul_g9syri/tmp_qrc_aEIbYg/_qrc_techdir/ams_rc_corner_typ/qrcTechFile
; version: s15.1.1174hideprocess 
 License(s) used:         1 of Virtuoso_QRC_Extraction_XL 
 User Name:               saul
 Host Name:               s2424.it.kth.se
 Host OS Release:         Linux 2.6.18-417.el5
 Host OS Version:         #1 SMP Tue Dec 20 13:11:30 UTC 2016
 Run duration:            00:00:00 CPU time, 00:00:11 clock time
 Max (Total) memory used: 378 MB
 Max (CPU) memory used:   344 MB
 Max Temp-Directory used: 1 MB
 Nets/hour:               172K nets/CPU-hr, 15K nets/clock-hr
 Design data:
    Components:           67
    Phy components:       31
    Nets:                 48
    Unconnected pins:     2
 Warning messages:        19
 Error messages:          0

Exit code 0.
Cadence Quantus QRC Extraction completed successfully at 2017-Jul-05
17:34:00 (2017-Jul-05 15:34:00 GMT).
