Checking out Encounter license ...
	edsxl		CHECKED OUT:	"Encounter_Digital_Impl_Sys_XL"
Encounter_Digital_Impl_Sys_XL 14.2 license checkout succeeded.
You can run 2 CPU jobs with the base license that is currently checked out.
If required, use the setMultiCpuUsage command to enable multi-CPU processing.
*******************************************************************
*   Copyright (c)  Cadence Design Systems, Inc.  1996 - 2014.     *
*                     All rights reserved.                        *
*                                                                 *
*                                                                 *
*                                                                 *
* This program contains confidential and trade secret information *
* of Cadence Design Systems, Inc. and is protected by copyright   *
* law and international treaties.  Any reproduction, use,         *
* distribution or disclosure of this program or any portion of it,*
* or any attempt to obtain a human-readable version of this       *
* program, without the express, prior written consent of          *
* Cadence Design Systems, Inc., is strictly prohibited.           *
*                                                                 *
*                 Cadence Design Systems, Inc.                    *
*                    2655 Seely Avenue                            *
*                   San Jose, CA 95134,  USA                      *
*                                                                 *
*                                                                 *
*******************************************************************

@(#)CDS: Encounter v14.25-s034_1 (64bit) 05/28/2015 13:06 (Linux 2.6.18-194.el5)
@(#)CDS: NanoRoute v14.25-s018 NR150520-1502/14_25-UB (database version 2.30, 267.6.1) {superthreading v1.25}
@(#)CDS: CeltIC v14.25-s023_1 (64bit) 05/28/2015 02:11:28 (Linux 2.6.18-194.el5)
@(#)CDS: AAE 14.25-s009 (64bit) 05/28/2015 (Linux 2.6.18-194.el5)
@(#)CDS: CTE 14.25-s022_1 (64bit) May 28 2015 00:14:16 (Linux 2.6.18-194.el5)
@(#)CDS: CPE v14.25-s029
@(#)CDS: IQRC/TQRC 14.2.2-s217 (64bit) Wed Apr 15 23:10:24 PDT 2015 (Linux 2.6.18-194.el5)
@(#)CDS: OA 22.50-p011 Tue Nov 11 03:24:55 2014
@(#)CDS: SGN 10.10-p124 (19-Aug-2014) (64 bit executable)
@(#)CDS: RCDB 11.5
--- Starting "Encounter v14.25-s034_1" on Sun Nov  8 18:11:31 2015 (mem=96.0M) ---
--- Running on localhost.localdomain (x86_64 w/Linux 2.6.18-406.el5) ---
This version was compiled on Thu May 28 13:06:39 PDT 2015.
Set DBUPerIGU to 1000.
Set net toggle Scale Factor to 1.00
Set Shrink Factor to 1.00000
Sourcing ./enc.tcl
Sourcing tcl/tk file "./enc.tcl" ...
<CMD> setCheckMode -tapeOut true
<CMD> set defHierChar /
<CMD> set init_oa_ref_lib {TECH_H18A6  CORELIB_HV  }
<CMD> set init_verilog VERILOG/DacCtrl_synth.v
<CMD> set init_top_cell DacCtrl
<CMD> set init_pwr_net {vdd!  }
<CMD> set init_gnd_net {gnd! subc!  }
<CMD> set init_mmmc_file h18_DacCtrl_mmmc.view
<CMD> set conf_gen_footprint 1
<CMD> set fp_core_to_left 50.000000
<CMD> set fp_core_to_right 50.000000
<CMD> set fp_core_to_top 50.000000
<CMD> set fp_core_to_bottom 50.000000
<CMD> set lsgOCPGainMult 1.000000
<CMD> set conf_ioOri R0
<CMD> set fp_core_util 0.800
<CMD> set init_assign_buffer 0
<CMD> set conf_in_tran_delay 0.1ps
<CMD> set init_import_mode { -keepEmptyModule 1 -treatUndefinedCellAsBbox 0}
<CMD> set init_layout_view layout
<CMD> set init_abstract_view abstract
<CMD_INTERNAL> print {---# TCL Script amsSetup.tcl loaded}
---# TCL Script amsSetup.tcl loaded
<CMD_INTERNAL> print {---# Additional ams TCL Procedures loaded}
---# Additional ams TCL Procedures loaded
<CMD> getVersion
<CMD> getVersion
<CMD_INTERNAL> print {### austriamicrosystems HitKit-Utilities Menu added}
### austriamicrosystems HitKit-Utilities Menu added

**INFO:  MMMC transition support version v31-84 

<CMD> set_global _enable_mmmc_by_default_flow      $CTE::mmmc_default
<CMD> suppressMessage ENCEXT-2799
<CMD> win
<CMD_INTERNAL> print {---# TCL Script amsSetup.tcl loaded}
---# TCL Script amsSetup.tcl loaded
<CMD> init_design
---# Setup MMMC
---#
---#   rc_corner        : ams_rc_corner_typ
---#   lib-sets         : libs_min, libs_max, libs_typ
**ERROR: (TCLCMD-989):	cannot open SDC file 'CONSTRAINTS/DacCtrl_func.sdc' for mode 'func'


*** Memory Usage v#1 (Current mem = 363.469M, initial mem = 95.977M) ***
*** Message Summary: 0 warning(s), 0 error(s)

--- Ending "Encounter" (totcpu=0:00:03.0, real=0:00:40.0, mem=363.5M) ---
