

  Cadence Quantus QRC Extraction - 64-bit Parasitic Extractor - Version
14.2.3-s099 Wed Jun 17 00:01:02 PDT 2015
-------------------------------------------------------------------------------------------------------------------
                                    Copyright 2015 Cadence Design Systems,
Inc.


INFO (EXTGRMP-102) : Starting at 2015-Nov-08 19:25:11 (2015-Nov-08 18:25:11 GMT).
Running binary as: 
 /pkg/Cadence/installs/EXT142/tools/extraction/bin/64bit/qrc -cmd
/home/saul/projects/DIGIMP/IMP_DAC_CTRL/PLACE_ROUTE/tmp_qrc_PDC1J7/__qrc.qrc.cmd
-multi_cpu 2
/home/saul/projects/DIGIMP/IMP_DAC_CTRL/PLACE_ROUTE/tmp_qrc_PDC1J7/qrc.def.gz
 

WARNING (EXTGRMP-414) : No GDSII/OASIS file is specified. Setting graybox type as LEF_OBSTRUCTION.

INFO (EXTHPY-232) : Preprocessing stage started at Sun Nov  8 19:25:11 2015.

INFO (EXTGRMP-103) : Line 62: reading VIAS section. Expecting 8.

INFO (EXTGRMP-103) : Line 114: reading COMPONENTS section. Expecting 137.

INFO (EXTGRMP-103) : Line 391: reading PINS section. Expecting 25.

INFO (EXTGRMP-103) : Line 469: reading BLOCKAGES section. Expecting 4.

INFO (EXTGRMP-103) : Line 476: reading SPECIALNETS section. Expecting 3.

INFO (EXTGRMP-103) : Line 543: reading NETS section. Expecting 73.

"-cmd"
"/home/saul/projects/DIGIMP/IMP_DAC_CTRL/PLACE_ROUTE/tmp_qrc_PDC1J7/__qrc.qrc.cmd"
"-mpi"
"2"
"-log_file"
"/home/saul/projects/DIGIMP/IMP_DAC_CTRL/PLACE_ROUTE/tmp_qrc_PDC1J7/__qrc.x1000"
"/home/saul/projects/DIGIMP/IMP_DAC_CTRL/PLACE_ROUTE/tmp_qrc_PDC1J7/qrc.def.gz"

INFO (EXTGRMP-143) : Option copy_port_to_obs = "true"

INFO (EXTGRMP-143) : Option log_file =
"/home/saul/projects/DIGIMP/IMP_DAC_CTRL/PLACE_ROUTE/tmp_qrc_PDC1J7/__qrc.x1000"

INFO (EXTGRMP-143) : Option max_error_messages = "100"

INFO (EXTGRMP-143) : Option message_detail_level = "10"

INFO (EXTGRMP-143) : Option tech_file = ""

INFO (EXTGRMP-143) : Option library_name = ""

INFO (EXTGRMP-143) : Option oa_default_rule_name = ""

INFO (EXTGRMP-143) : Option gray_data = "obs"

INFO (EXTGRMP-143) : Option comp_prealloc = "0"

INFO (EXTGRMP-143) : Option net_prealloc = "0"

INFO (EXTGRMP-143) : Option output_directory_name =
"/home/saul/projects/DIGIMP/IMP_DAC_CTRL/PLACE_ROUTE/tmp_qrc_PDC1J7"

INFO (EXTGRMP-143) : Option output_coordinate_units = "micron"

INFO (EXTGRMP-143) : Option output_cache_directory_name =
"/home/saul/projects/DIGIMP/IMP_DAC_CTRL/PLACE_ROUTE/tmp_qrc_PDC1J7/.qrctemp"

INFO (EXTGRMP-143) : Option keep_temporary_files = "false"

INFO (EXTGRMP-143) : Option output_file_name = "DacCtrl"

INFO (EXTGRMP-143) : Option spef_define_file = ""

INFO (EXTGRMP-143) : Option reduce_output = "false"

INFO (EXTGRMP-143) : Option debug_log = "false"

INFO (EXTGRMP-143) : Option spef_output = "generic"

INFO (EXTGRMP-143) : Option dspf_output = "none"

INFO (EXTGRMP-143) : Option output_sstorm_db_name = ""

INFO (EXTGRMP-143) : Option netlist_output = "none"

INFO (EXTGRMP-143) : Option net_cc_output = "false"

INFO (EXTGRMP-143) : Option rcdb_output = "false"

INFO (EXTGRMP-143) : Option hierarchy_char = "/"

INFO (EXTGRMP-143) : Option bus_chars = "[]"

INFO (EXTGRMP-143) : Option pin_char = ":"

INFO (EXTGRMP-143) : Option truncate_regular_wires = "false"

INFO (EXTGRMP-143) : Option layout_scale = "1.0"

INFO (EXTGRMP-143) : Option output_file_max_size = "9223372036854775807"

INFO (EXTGRMP-143) : Option dump_options = "true"

INFO (EXTGRMP-143) : Option short_incomplete_net_pins = "true"

INFO (EXTGRMP-143) : Option promote_incomplete_net_pins = "true"

INFO (EXTGRMP-143) : Option output_incomplete_nets = "true"

INFO (EXTGRMP-143) : Option output_unrouted_nets = "false"

INFO (EXTGRMP-143) : Option treat_special_chars = "true"

INFO (EXTGRMP-143) : Option lumped_cc_threshold = "0.0"

INFO (EXTGRMP-143) : Option reduction_max_frequency = "1.0e+08"

INFO (EXTGRMP-143) : Option compressed_output = "true"

INFO (EXTGRMP-143) : Option max_resistor_length = "50"

INFO (EXTGRMP-143) : Option promote_feedthru_ports = "none"

INFO (EXTGRMP-143) : Option promote_instance_ports = "none"

INFO (EXTGRMP-143) : Option output_promoted_feedthrus = "false"

INFO (EXTGRMP-143) : Option output_unconnected_pins = "false"

INFO (EXTGRMP-143) : Option remove_floating_metals = "false"

INFO (EXTGRMP-143) : Option promote_pin_pad = "logical"

INFO (EXTGRMP-143) : Option eco_compatible_mode = "false"

INFO (EXTGRMP-143) : Option cap_mode_2915 = "true"

INFO (EXTGRMP-143) : Option quickcap_file = "false"

INFO (EXTGRMP-143) : Option ict_file = "process.ict"

INFO (EXTGRMP-143) : Option quickcap_netfile = "qapi.net"

INFO (EXTGRMP-143) : Option lefcap_output = "false"

INFO (EXTGRMP-143) : Option lefcap_scale = "1.25"

INFO (EXTGRMP-143) : Option lefres_output = "false"

INFO (EXTGRMP-143) : Option kfactor_file = ""

INFO (EXTGRMP-143) : Option total_c_threshold = "5"

INFO (EXTGRMP-143) : Option relative_c_threshold = "0.03"

INFO (EXTGRMP-143) : Option output_cap_filtering_mode =
"relative_and_coupling"

INFO (EXTGRMP-143) : Option cap_mode = "default"

INFO (EXTGRMP-143) : Option parallel_options = ""

INFO (EXTGRMP-143) : Option load_optimized_views = "true"

INFO (EXTGRMP-143) : Option enable_metal_fill_effects = "true"

INFO (EXTGRMP-143) : Option advanced_metal_fill = "false"

INFO (EXTGRMP-143) : Option metal_fill_type = "floating"

INFO (EXTGRMP-143) : Option vmf_metal_scheme_file = ""

INFO (EXTGRMP-143) : Option vmf_rule_file = ""

INFO (EXTGRMP-143) : Option metal_fill_gds_file = ""

INFO (EXTGRMP-143) : Option density_check_method = "none"

INFO (EXTGRMP-143) : Option temperature = "25"

INFO (EXTGRMP-143) : Option promote_gray_data_pins = "false"

INFO (EXTGRMP-143) : Option use_layer_bias_in_cmd_and_process_bias_in_tech
= "false"

INFO (EXTGRMP-143) : Option inductance_extraction = "none"

INFO (EXTGRMP-143) : Option inductance_type = "partial"

INFO (EXTGRMP-143) : Option map_eeq_to_master_in_output = "false"

INFO (EXTGRMP-143) : Option match_res_cap_in_output = "false"

INFO (EXTGRMP-143) : Option merge_tile_boundary_data = "true"

INFO (EXTGRMP-143) : Option coupling_c_threshold = "3"

INFO (EXTGRMP-143) : Option use_icecaps_models_only = "false"

INFO (EXTGRMP-143) : Option use_name_map_in_spef = "true"

INFO (EXTGRMP-143) : Option name_map_start_index_in_spef = "0"

INFO (EXTGRMP-143) : Option timeout = "604800"

INFO (EXTGRMP-143) : Option num_of_trials = "0"

INFO (EXTGRMP-143) : Option separate_cc_prefix_in_dspf = "false"

INFO (EXTGRMP-143) : Option output_oa = "false"

INFO (EXTGRMP-143) : Option oa_analysis_point = "default"

INFO (EXTGRMP-143) : Option enable_sensitivity_extraction = "false"

INFO (EXTGRMP-143) : Option report_details = "false"

INFO (EXTGRMP-143) : Option report_shorts = "false"

INFO (EXTGRMP-143) : Option metal_fill_gds_offset_X = "0.0"

INFO (EXTGRMP-143) : Option metal_fill_gds_offset_Y = "0.0"

INFO (EXTGRMP-143) : Option ignore_pushdown_blockages = "false"

INFO (EXTGRMP-143) : Option compress_cache_files = "true"

INFO (EXTGRMP-143) : Option strong_gray_debug = "false"

INFO (EXTGRMP-143) : Option disable_instances = "true"

INFO (EXTGRMP-143) : Option disable_subnodes = "true"

INFO (EXTGRMP-143) : Option dump_erosion_info = ""

INFO (EXTGRMP-143) : Option silicon_width_printing = "true"

INFO (EXTGRMP-143) : Option add_explicit_vias = "false"

INFO (EXTGRMP-143) : Option cap_ground_net = "0"

INFO (EXTGRMP-143) : Option output_res_temp_coeff = "false"

INFO (EXTGRMP-143) : Option write_coupled_decoupled_files = "false"

INFO (EXTGRMP-143) : Option capacitance_coupling = "default"

INFO (EXTGRMP-143) : Option top_cell = ""

INFO (EXTGRMP-143) : Option input_directory_name = ""

INFO (EXTGRMP-143) : Option binary_input = "false"

INFO (EXTGRMP-143) : Option binary_output = "false"

INFO (EXTGRMP-143) : Option enable_ieee_sensitivity = "false"

INFO (EXTGRMP-143) : Option bump_map_file = ""

INFO (EXTGRMP-143) : Option enable_bump_instance = "false"

INFO (EXTGRMP-143) : Option enable_tsv_instance = "false"

INFO (EXTGRMP-143) : Option enable_TSV_STA_Cc_model = "false"

INFO (EXTGRMP-143) : Option stitch_bump_model = "false"

INFO (EXTGRMP-143) : Option stitch_tsv_model = "none"

INFO (EXTGRMP-143) : Option enable_eco_mode = "false"

INFO (EXTGRMP-143) : Option eco_file = ""

INFO (EXTGRMP-143) : Option override_eco_reference = "true"

INFO (EXTGRMP-143) : Option analysis_mode = "timing"

INFO (EXTGRMP-143) : Option LEF files =
"/home/saul/projects/DIGIMP/IMP_DAC_CTRL/PLACE_ROUTE/tmp_qrc_PDC1J7/tmp.lef"

INFO (EXTGRMP-143) : Option GDSII files = ""

INFO (EXTGRMP-143) : Option GDSII/RDL files = ""

INFO (EXTGRMP-143) : Option SPICE files = ""

INFO (EXTGRMP-143) : Option stitch bump cells = ""

INFO (EXTGRMP-143) : Option ignored macros = ""

INFO (EXTGRMP-143) : Option black macros = ""

INFO (EXTGRMP-155) : Layer mappings were not specified.

INFO (EXTGRMP-276) : Layer settings were not specified.

INFO (EXTGRMP-548) : Fill layer settings were not specified.

INFO (EXTGRMP-550) : Active Fill layer settings were not specified.

INFO (EXTGRMP-562) : HPB layer settings were not specified.

INFO (EXTGRMP-144) : There were no layer bias commands for R values.

INFO (EXTGRMP-147) : Layer bias settings for C values were not specified.

INFO (EXTGRMP-149) : Lefcap area scale settings were not specified.

INFO (EXTGRMP-153) : Lefcap edge scale settings were not specified.

INFO (EXTGRMP-151) : Parameter name settings were not specified.

INFO (EXTGRMP-260) : Layer cluster settings were not specified.

INFO (EXTGRMP-383) : Input stage started at Sun Nov  8 19:25:12 2015.

WARNING (EXTZTECH-458) : Warning [input]: Line 33: 'well' statement is
ignored in ICT file line.

WARNING (EXTZTECH-458) : Warning [input]: Line 34: 'well' statement is
ignored in ICT file line.

INFO (EXTGRMP-336) : Reading technology data and cell definitions from LEF
file:

INFO (EXTGRMP-338) :
/home/saul/projects/DIGIMP/IMP_DAC_CTRL/PLACE_ROUTE/tmp_qrc_PDC1J7/tmp.lef

WARNING (EXTGRMP-330) : LEF layer "NW" is not mapped with any tech file
layer. 
Ignoring its definition.

WARNING (EXTGRMP-330) : LEF layer "DN" is not mapped with any tech file
layer. 
Ignoring its definition.

WARNING (EXTGRMP-330) : LEF layer "SN" is not mapped with any tech file
layer. 
Ignoring its definition.

WARNING (EXTGRMP-330) : LEF layer "DP" is not mapped with any tech file
layer. 
Ignoring its definition.

WARNING (EXTGRMP-330) : LEF layer "SP" is not mapped with any tech file
layer. 
Ignoring its definition.

WARNING (EXTGRMP-184) : Gray-box mode was selected for extraction, but 54
macro definitions did not
include any obstruction data. The first 10 were:
 ANTENNA_HV CLKINVX10_HV CLKINVX12_HV CLKINVX16_HV CLKINVX1_HV CLKINVX24_HV
CLKINVX2_HV CLKINVX32_HV CLKINVX3_HV CLKINVX4_HV
Check the library inputs and log files from library setup to determine
whether there is a problem.

INFO (EXTGRMP-205) : Reading DEF file:
/home/saul/projects/DIGIMP/IMP_DAC_CTRL/PLACE_ROUTE/tmp_qrc_PDC1J7/qrc.def.gz

INFO (EXTGRMP-195) : Line 62: reading VIAS section. Expecting 8.

INFO (EXTGRMP-195) : Line 114: reading COMPONENTS section. Expecting 137.

INFO (EXTGRMP-195) : Line 391: reading PINS section. Expecting 25.

INFO (EXTGRMP-195) : Line 469: reading BLOCKAGES section. Expecting 4.

INFO (EXTGRMP-195) : Line 476: reading SPECIALNETS section. Expecting 3.

INFO (EXTGRMP-195) : Line 543: reading NETS section. Expecting 73.

INFO (EXTGRMP-248) : METAL FILL data is not available in DEF file.

INFO (EXTGRMP-207) : Reading DEF file completed successfully.

INFO (EXTGRMP-292) : Checking Command/Tech/License Files. 

INFO (EXTGRMP-281) : Manufacturing Data Information :- 
  DEF/GDS/OASIS/LEF file 
    does NOT contain MetalFill data. 
  Techfile  
    does     contain WEE data.     
    does NOT contain Erosion data t=f( density ) 
    does     contain R(w) data.    
    does NOT contain R(w, s) data.  
    does NOT contain TC(w) data.    
    does     contain T/B enlargement data. 
    does     contain Floating Metal Fill models. 
    does     contain WBE data. 

INFO (EXTGRMP-294) : RCs effects computed for this session include :- 
 MetalFill        : OFF 
 WEE Effects      : rc 
 Erosion Effects  : n/a t=f(density) 
 T/B Enlargements : ON 
 R(w) Effects     : ON 
 R(w,s) Effects   : n/a 
 TC(w) Effects    : n/a 
Some effects indicate n/a because of non-availability of relevant input
data (or) requested to be off.


INFO (EXTHPY-169) : 2 process(es) started.

INFO (EXTGRMP-103) : 3%

INFO (EXTGRMP-103) : 5%

INFO (EXTGRMP-103) : 8%

INFO (EXTGRMP-103) : 11%

INFO (EXTGRMP-103) : 14%

INFO (EXTGRMP-103) : 16%

INFO (EXTGRMP-103) : 19%

INFO (EXTGRMP-103) : 22%

INFO (EXTGRMP-103) : 24%

INFO (EXTGRMP-103) : 27%

INFO (EXTGRMP-103) : 30%

INFO (EXTGRMP-103) : 32%

INFO (EXTGRMP-103) : 35%

INFO (EXTGRMP-103) : 38%

INFO (EXTGRMP-103) : 41%

INFO (EXTGRMP-103) : 43%

INFO (EXTGRMP-103) : 46%

INFO (EXTGRMP-103) : 49%

INFO (EXTGRMP-103) : 51%

INFO (EXTGRMP-103) : 54%

INFO (EXTGRMP-103) : 57%

INFO (EXTGRMP-103) : 59%

INFO (EXTGRMP-103) : 62%

INFO (EXTGRMP-103) : 65%

INFO (EXTGRMP-103) : 68%

INFO (EXTGRMP-103) : 70%

INFO (EXTGRMP-103) : 73%

INFO (EXTGRMP-103) : 76%

INFO (EXTGRMP-103) : 78%

INFO (EXTGRMP-103) : 81%

INFO (EXTGRMP-103) : 84%

INFO (EXTGRMP-103) : 86%

INFO (EXTGRMP-103) : 89%

INFO (EXTGRMP-103) : 92%

INFO (EXTGRMP-103) : 95%

INFO (EXTGRMP-103) : 97%


INFO (EXTGRMP-368) : The extracted temperature is 25, the reference
temperature is 25 for the
process !


INFO (EXTGRMP-211) : Reading geometric data from DEF file:
/home/saul/projects/DIGIMP/IMP_DAC_CTRL/PLACE_ROUTE/tmp_qrc_PDC1J7/qrc.def.gz

INFO (EXTGRMP-213) : Reading geometric data from DEF completed
successfully.


INFO (EXTHPY-169) : 2 process(es) started.


INFO (EXTHPY-169) : 2 process(es) started.

INFO (EXTGRMP-103) : 1%

INFO (EXTGRMP-103) : 3%

INFO (EXTGRMP-103) : 4%

INFO (EXTGRMP-103) : 6%

INFO (EXTGRMP-103) : 7%

INFO (EXTGRMP-103) : 9%

INFO (EXTGRMP-103) : 10%

INFO (EXTGRMP-103) : 12%

INFO (EXTGRMP-103) : 13%

INFO (EXTGRMP-103) : 15%

INFO (EXTGRMP-103) : 16%

INFO (EXTGRMP-103) : 18%

INFO (EXTGRMP-103) : 19%

INFO (EXTGRMP-103) : 21%

INFO (EXTGRMP-103) : 22%

INFO (EXTGRMP-103) : 24%

INFO (EXTGRMP-103) : 25%

INFO (EXTGRMP-103) : 26%

INFO (EXTGRMP-103) : 28%

INFO (EXTGRMP-103) : 29%

INFO (EXTGRMP-103) : 31%

INFO (EXTGRMP-103) : 32%

INFO (EXTGRMP-103) : 34%

INFO (EXTGRMP-103) : 35%

INFO (EXTGRMP-103) : 37%

INFO (EXTGRMP-103) : 38%

INFO (EXTGRMP-103) : 40%

INFO (EXTGRMP-103) : 41%

INFO (EXTGRMP-103) : 43%

INFO (EXTGRMP-103) : 44%

INFO (EXTGRMP-103) : 46%

INFO (EXTGRMP-103) : 47%

INFO (EXTGRMP-103) : 49%

INFO (EXTGRMP-103) : 50%

INFO (EXTGRMP-103) : 51%

INFO (EXTGRMP-103) : 53%

INFO (EXTGRMP-103) : 54%

INFO (EXTGRMP-103) : 56%

INFO (EXTGRMP-103) : 57%

INFO (EXTGRMP-103) : 59%

INFO (EXTGRMP-103) : 60%

INFO (EXTGRMP-103) : 62%

INFO (EXTGRMP-103) : 63%

INFO (EXTGRMP-103) : 65%

INFO (EXTGRMP-103) : 66%

INFO (EXTGRMP-103) : 68%

INFO (EXTGRMP-103) : 69%

INFO (EXTGRMP-103) : 71%

INFO (EXTGRMP-103) : 72%

INFO (EXTGRMP-103) : 74%

INFO (EXTGRMP-103) : 75%

INFO (EXTGRMP-103) : 76%

INFO (EXTGRMP-103) : 78%

INFO (EXTGRMP-103) : 79%

INFO (EXTGRMP-103) : 81%

INFO (EXTGRMP-103) : 82%

INFO (EXTGRMP-103) : 84%

INFO (EXTGRMP-103) : 85%

INFO (EXTGRMP-103) : 87%

INFO (EXTGRMP-103) : 88%

INFO (EXTGRMP-103) : 90%

INFO (EXTGRMP-103) : 91%

INFO (EXTGRMP-103) : 93%

INFO (EXTGRMP-103) : 94%

INFO (EXTGRMP-103) : 96%

INFO (EXTGRMP-103) : 97%

INFO (EXTGRMP-103) : 99%


INFO (EXTHPY-101) : Initializing gray data from all cell instances for
capacitance extraction.

INFO (EXTHPY-102) : Processing of gray data completed successfully.

INFO (EXTHPY-156) : Gray pins that are touching or overlapping extracted
nets will be treated
as gray data during extraction.


INFO (EXTHPY-101) : Initializing gray data from all cell instances for
capacitance extraction.

INFO (EXTHPY-102) : Processing of gray data completed successfully.

INFO (EXTHPY-156) : Gray pins that are touching or overlapping extracted
nets will be treated
as gray data during extraction.


INFO (EXTHPY-233) : Preprocessing stage completed successfully at Sun Nov  8 19:25:14 2015.

INFO (EXTHPY-173) : Capacitance extraction started at Sun Nov  8 19:25:14 2015.

INFO (EXTHPY-169) : 2 process(es) started.

INFO (EXTGRMP-103) : 0%

INFO (EXTGRMP-103) : 100%


INFO (EXTHPY-103) : Extracting capacitance values.


INFO (EXTHPY-174) : Capacitance extraction completed successfully at Sun Nov  8 19:25:14 2015.

INFO (EXTHPY-175) : Output generation started at Sun Nov  8 19:25:14 2015.

INFO (EXTHPY-169) : 2 process(es) started.

INFO (EXTGRMP-103) : 0%

INFO (EXTGRMP-103) : 25%

INFO (EXTGRMP-103) : 50%

INFO (EXTGRMP-103) : 75%


WARNING (EXTGRMP-574) : There are 2 unrouted nets. 
Please check file *.incompletenets in your output directory for details. 



INFO (EXTHPY-176) : Output generation completed successfully at Sun Nov  8 19:25:15 2015.

Ending at 2015-Nov-08 19:25:15 (2015-Nov-08 18:25:15 GMT).

 Tool:                    Cadence Quantus QRC Extraction 64-bit
 Version:                 14.2.3-s099 Wed Jun 17 00:01:02 PDT 2015
 IR Build No:             099 
 Techfile:               
/home/saul/projects/DIGIMP/IMP_DAC_CTRL/PLACE_ROUTE/tmp_qrc_PDC1J7/_qrc_techdir/ams_rc_corner_typ/qrcTechFile
; version: s11.1.0531hideprocess 
 License(s) used:         1 of Virtuoso_QRC_Extraction_XL 
 User Name:               saul
 Host Name:               localhost.localdomain
 Host OS Release:         Linux 2.6.18-406.el5
 Host OS Version:         #1 SMP Tue Jun 2 17:25:57 EDT 2015
 Run duration:            00:00:00 CPU time, 00:00:04 clock time
 Max (Total) memory used: 410 MB
 Max (CPU) memory used:   373 MB
 Max Temp-Directory used: 2 MB
 Nets/hour:               262K nets/CPU-hr, 65K nets/clock-hr
 Design data:
    Components:           137
    Phy components:       76
    Nets:                 73
    Unconnected pins:     2
 Warning messages:        40
 Error messages:          0

Exit code 0.
Cadence Quantus QRC Extraction completed successfully at 2015-Nov-08
19:25:15 (2015-Nov-08 18:25:15 GMT).
